  main.cpp
C:\Users\USUARIO\Documents\2n carrera\graficos 3d\P3\tierra phong + noche + skybox\Graphics_1_TEX\src\main.cpp(235,144): warning C4267: 'argumento': conversión de 'size_t' a 'int'; posible pérdida de datos
C:\Users\USUARIO\Documents\2n carrera\graficos 3d\P3\tierra phong + noche + skybox\Graphics_1_TEX\src\main.cpp(236,109): warning C4267: 'argumento': conversión de 'size_t' a 'int'; posible pérdida de datos
C:\Users\USUARIO\Documents\2n carrera\graficos 3d\P3\tierra phong + noche + skybox\Graphics_1_TEX\src\main.cpp(237,105): warning C4267: 'argumento': conversión de 'size_t' a 'int'; posible pérdida de datos
C:\Users\USUARIO\Documents\2n carrera\graficos 3d\P3\tierra phong + noche + skybox\Graphics_1_TEX\src\main.cpp(238,140): warning C4267: 'argumento': conversión de 'size_t' a 'int'; posible pérdida de datos
C:\Users\USUARIO\Documents\2n carrera\graficos 3d\P3\tierra phong + noche + skybox\Graphics_1_TEX\src\main.cpp(239,142): warning C4267: 'argumento': conversión de 'size_t' a 'int'; posible pérdida de datos
C:\Users\USUARIO\Documents\2n carrera\graficos 3d\P3\tierra phong + noche + skybox\Graphics_1_TEX\src\main.cpp(247,52): warning C4267: '=': conversión de 'size_t' a 'GLuint'; posible pérdida de datos
C:\Users\USUARIO\Documents\2n carrera\graficos 3d\P3\tierra phong + noche + skybox\Graphics_1_TEX\src\main.cpp(251,144): warning C4267: 'argumento': conversión de 'size_t' a 'int'; posible pérdida de datos
C:\Users\USUARIO\Documents\2n carrera\graficos 3d\P3\tierra phong + noche + skybox\Graphics_1_TEX\src\main.cpp(253,107): warning C4267: 'argumento': conversión de 'size_t' a 'int'; posible pérdida de datos
C:\Users\USUARIO\Documents\2n carrera\graficos 3d\P3\tierra phong + noche + skybox\Graphics_1_TEX\src\main.cpp(255,142): warning C4267: 'argumento': conversión de 'size_t' a 'int'; posible pérdida de datos
C:\Users\USUARIO\Documents\2n carrera\graficos 3d\P3\tierra phong + noche + skybox\Graphics_1_TEX\src\main.cpp(259,57): warning C4267: '=': conversión de 'size_t' a 'GLuint'; posible pérdida de datos
C:\Users\USUARIO\Documents\2n carrera\graficos 3d\P3\tierra phong + noche + skybox\Graphics_1_TEX\src\main.cpp(264,144): warning C4267: 'argumento': conversión de 'size_t' a 'int'; posible pérdida de datos
C:\Users\USUARIO\Documents\2n carrera\graficos 3d\P3\tierra phong + noche + skybox\Graphics_1_TEX\src\main.cpp(266,107): warning C4267: 'argumento': conversión de 'size_t' a 'int'; posible pérdida de datos
C:\Users\USUARIO\Documents\2n carrera\graficos 3d\P3\tierra phong + noche + skybox\Graphics_1_TEX\src\main.cpp(268,142): warning C4267: 'argumento': conversión de 'size_t' a 'int'; posible pérdida de datos
C:\Users\USUARIO\Documents\2n carrera\graficos 3d\P3\tierra phong + noche + skybox\Graphics_1_TEX\src\main.cpp(270,140): warning C4267: 'argumento': conversión de 'size_t' a 'int'; posible pérdida de datos
C:\Users\USUARIO\Documents\2n carrera\graficos 3d\P3\tierra phong + noche + skybox\Graphics_1_TEX\src\main.cpp(274,57): warning C4267: '=': conversión de 'size_t' a 'GLuint'; posible pérdida de datos
C:\Users\USUARIO\Documents\2n carrera\graficos 3d\P3\tierra phong + noche + skybox\Graphics_1_TEX\src\main.cpp(279,144): warning C4267: 'argumento': conversión de 'size_t' a 'int'; posible pérdida de datos
C:\Users\USUARIO\Documents\2n carrera\graficos 3d\P3\tierra phong + noche + skybox\Graphics_1_TEX\src\main.cpp(281,107): warning C4267: 'argumento': conversión de 'size_t' a 'int'; posible pérdida de datos
C:\Users\USUARIO\Documents\2n carrera\graficos 3d\P3\tierra phong + noche + skybox\Graphics_1_TEX\src\main.cpp(283,142): warning C4267: 'argumento': conversión de 'size_t' a 'int'; posible pérdida de datos
C:\Users\USUARIO\Documents\2n carrera\graficos 3d\P3\tierra phong + noche + skybox\Graphics_1_TEX\src\main.cpp(285,140): warning C4267: 'argumento': conversión de 'size_t' a 'int'; posible pérdida de datos
C:\Users\USUARIO\Documents\2n carrera\graficos 3d\P3\tierra phong + noche + skybox\Graphics_1_TEX\src\main.cpp(289,59): warning C4267: '=': conversión de 'size_t' a 'GLuint'; posible pérdida de datos
C:\Users\USUARIO\Documents\2n carrera\graficos 3d\P3\tierra phong + noche + skybox\Graphics_1_TEX\src\main.cpp(294,144): warning C4267: 'argumento': conversión de 'size_t' a 'int'; posible pérdida de datos
C:\Users\USUARIO\Documents\2n carrera\graficos 3d\P3\tierra phong + noche + skybox\Graphics_1_TEX\src\main.cpp(296,107): warning C4267: 'argumento': conversión de 'size_t' a 'int'; posible pérdida de datos
C:\Users\USUARIO\Documents\2n carrera\graficos 3d\P3\tierra phong + noche + skybox\Graphics_1_TEX\src\main.cpp(298,142): warning C4267: 'argumento': conversión de 'size_t' a 'int'; posible pérdida de datos
C:\Users\USUARIO\Documents\2n carrera\graficos 3d\P3\tierra phong + noche + skybox\Graphics_1_TEX\src\main.cpp(300,140): warning C4267: 'argumento': conversión de 'size_t' a 'int'; posible pérdida de datos
C:\Users\USUARIO\Documents\2n carrera\graficos 3d\P3\tierra phong + noche + skybox\Graphics_1_TEX\src\main.cpp(304,58): warning C4267: '=': conversión de 'size_t' a 'GLuint'; posible pérdida de datos
C:\Users\USUARIO\Documents\2n carrera\graficos 3d\P3\tierra phong + noche + skybox\Graphics_1_TEX\src\main.cpp(309,144): warning C4267: 'argumento': conversión de 'size_t' a 'int'; posible pérdida de datos
C:\Users\USUARIO\Documents\2n carrera\graficos 3d\P3\tierra phong + noche + skybox\Graphics_1_TEX\src\main.cpp(311,107): warning C4267: 'argumento': conversión de 'size_t' a 'int'; posible pérdida de datos
C:\Users\USUARIO\Documents\2n carrera\graficos 3d\P3\tierra phong + noche + skybox\Graphics_1_TEX\src\main.cpp(313,142): warning C4267: 'argumento': conversión de 'size_t' a 'int'; posible pérdida de datos
C:\Users\USUARIO\Documents\2n carrera\graficos 3d\P3\tierra phong + noche + skybox\Graphics_1_TEX\src\main.cpp(315,140): warning C4267: 'argumento': conversión de 'size_t' a 'int'; posible pérdida de datos
C:\Users\USUARIO\Documents\2n carrera\graficos 3d\P3\tierra phong + noche + skybox\Graphics_1_TEX\src\main.cpp(319,60): warning C4267: '=': conversión de 'size_t' a 'GLuint'; posible pérdida de datos
C:\Users\USUARIO\Documents\2n carrera\graficos 3d\P3\tierra phong + noche + skybox\Graphics_1_TEX\src\main.cpp(324,144): warning C4267: 'argumento': conversión de 'size_t' a 'int'; posible pérdida de datos
C:\Users\USUARIO\Documents\2n carrera\graficos 3d\P3\tierra phong + noche + skybox\Graphics_1_TEX\src\main.cpp(326,107): warning C4267: 'argumento': conversión de 'size_t' a 'int'; posible pérdida de datos
C:\Users\USUARIO\Documents\2n carrera\graficos 3d\P3\tierra phong + noche + skybox\Graphics_1_TEX\src\main.cpp(328,142): warning C4267: 'argumento': conversión de 'size_t' a 'int'; posible pérdida de datos
C:\Users\USUARIO\Documents\2n carrera\graficos 3d\P3\tierra phong + noche + skybox\Graphics_1_TEX\src\main.cpp(330,140): warning C4267: 'argumento': conversión de 'size_t' a 'int'; posible pérdida de datos
C:\Users\USUARIO\Documents\2n carrera\graficos 3d\P3\tierra phong + noche + skybox\Graphics_1_TEX\src\main.cpp(334,61): warning C4267: '=': conversión de 'size_t' a 'GLuint'; posible pérdida de datos
C:\Users\USUARIO\Documents\2n carrera\graficos 3d\P3\tierra phong + noche + skybox\Graphics_1_TEX\src\main.cpp(340,144): warning C4267: 'argumento': conversión de 'size_t' a 'int'; posible pérdida de datos
C:\Users\USUARIO\Documents\2n carrera\graficos 3d\P3\tierra phong + noche + skybox\Graphics_1_TEX\src\main.cpp(342,107): warning C4267: 'argumento': conversión de 'size_t' a 'int'; posible pérdida de datos
C:\Users\USUARIO\Documents\2n carrera\graficos 3d\P3\tierra phong + noche + skybox\Graphics_1_TEX\src\main.cpp(344,142): warning C4267: 'argumento': conversión de 'size_t' a 'int'; posible pérdida de datos
C:\Users\USUARIO\Documents\2n carrera\graficos 3d\P3\tierra phong + noche + skybox\Graphics_1_TEX\src\main.cpp(346,140): warning C4267: 'argumento': conversión de 'size_t' a 'int'; posible pérdida de datos
C:\Users\USUARIO\Documents\2n carrera\graficos 3d\P3\tierra phong + noche + skybox\Graphics_1_TEX\src\main.cpp(350,60): warning C4267: '=': conversión de 'size_t' a 'GLuint'; posible pérdida de datos
C:\Users\USUARIO\Documents\2n carrera\graficos 3d\P3\tierra phong + noche + skybox\Graphics_1_TEX\src\main.cpp(355,144): warning C4267: 'argumento': conversión de 'size_t' a 'int'; posible pérdida de datos
C:\Users\USUARIO\Documents\2n carrera\graficos 3d\P3\tierra phong + noche + skybox\Graphics_1_TEX\src\main.cpp(357,107): warning C4267: 'argumento': conversión de 'size_t' a 'int'; posible pérdida de datos
C:\Users\USUARIO\Documents\2n carrera\graficos 3d\P3\tierra phong + noche + skybox\Graphics_1_TEX\src\main.cpp(359,142): warning C4267: 'argumento': conversión de 'size_t' a 'int'; posible pérdida de datos
C:\Users\USUARIO\Documents\2n carrera\graficos 3d\P3\tierra phong + noche + skybox\Graphics_1_TEX\src\main.cpp(361,140): warning C4267: 'argumento': conversión de 'size_t' a 'int'; posible pérdida de datos
C:\Users\USUARIO\Documents\2n carrera\graficos 3d\P3\tierra phong + noche + skybox\Graphics_1_TEX\src\main.cpp(365,61): warning C4267: '=': conversión de 'size_t' a 'GLuint'; posible pérdida de datos
C:\Users\USUARIO\Documents\2n carrera\graficos 3d\P3\tierra phong + noche + skybox\Graphics_1_TEX\src\main.cpp(370,146): warning C4267: 'argumento': conversión de 'size_t' a 'int'; posible pérdida de datos
C:\Users\USUARIO\Documents\2n carrera\graficos 3d\P3\tierra phong + noche + skybox\Graphics_1_TEX\src\main.cpp(372,109): warning C4267: 'argumento': conversión de 'size_t' a 'int'; posible pérdida de datos
C:\Users\USUARIO\Documents\2n carrera\graficos 3d\P3\tierra phong + noche + skybox\Graphics_1_TEX\src\main.cpp(374,144): warning C4267: 'argumento': conversión de 'size_t' a 'int'; posible pérdida de datos
C:\Users\USUARIO\Documents\2n carrera\graficos 3d\P3\tierra phong + noche + skybox\Graphics_1_TEX\src\main.cpp(376,142): warning C4267: 'argumento': conversión de 'size_t' a 'int'; posible pérdida de datos
C:\Users\USUARIO\Documents\2n carrera\graficos 3d\P3\tierra phong + noche + skybox\Graphics_1_TEX\src\main.cpp(380,62): warning C4267: '=': conversión de 'size_t' a 'GLuint'; posible pérdida de datos
C:\Users\USUARIO\Documents\2n carrera\graficos 3d\P3\tierra phong + noche + skybox\Graphics_1_TEX\src\main.cpp(385,152): warning C4267: 'argumento': conversión de 'size_t' a 'int'; posible pérdida de datos
C:\Users\USUARIO\Documents\2n carrera\graficos 3d\P3\tierra phong + noche + skybox\Graphics_1_TEX\src\main.cpp(387,115): warning C4267: 'argumento': conversión de 'size_t' a 'int'; posible pérdida de datos
C:\Users\USUARIO\Documents\2n carrera\graficos 3d\P3\tierra phong + noche + skybox\Graphics_1_TEX\src\main.cpp(389,150): warning C4267: 'argumento': conversión de 'size_t' a 'int'; posible pérdida de datos
C:\Users\USUARIO\Documents\2n carrera\graficos 3d\P3\tierra phong + noche + skybox\Graphics_1_TEX\src\main.cpp(391,148): warning C4267: 'argumento': conversión de 'size_t' a 'int'; posible pérdida de datos
C:\Users\USUARIO\Documents\2n carrera\graficos 3d\P3\tierra phong + noche + skybox\Graphics_1_TEX\src\main.cpp(395,62): warning C4267: '=': conversión de 'size_t' a 'GLuint'; posible pérdida de datos
C:\Users\USUARIO\Documents\2n carrera\graficos 3d\P3\tierra phong + noche + skybox\Graphics_1_TEX\src\main.cpp(401,152): warning C4267: 'argumento': conversión de 'size_t' a 'int'; posible pérdida de datos
C:\Users\USUARIO\Documents\2n carrera\graficos 3d\P3\tierra phong + noche + skybox\Graphics_1_TEX\src\main.cpp(403,115): warning C4267: 'argumento': conversión de 'size_t' a 'int'; posible pérdida de datos
C:\Users\USUARIO\Documents\2n carrera\graficos 3d\P3\tierra phong + noche + skybox\Graphics_1_TEX\src\main.cpp(405,150): warning C4267: 'argumento': conversión de 'size_t' a 'int'; posible pérdida de datos
C:\Users\USUARIO\Documents\2n carrera\graficos 3d\P3\tierra phong + noche + skybox\Graphics_1_TEX\src\main.cpp(407,148): warning C4267: 'argumento': conversión de 'size_t' a 'int'; posible pérdida de datos
C:\Users\USUARIO\Documents\2n carrera\graficos 3d\P3\tierra phong + noche + skybox\Graphics_1_TEX\src\main.cpp(411,62): warning C4267: '=': conversión de 'size_t' a 'GLuint'; posible pérdida de datos
C:\Users\USUARIO\Documents\2n carrera\graficos 3d\P3\tierra phong + noche + skybox\Graphics_1_TEX\src\main.cpp(629,40): warning C4305: 'argumento': truncamiento de 'double' a 'GLfloat'
C:\Users\USUARIO\Documents\2n carrera\graficos 3d\P3\tierra phong + noche + skybox\Graphics_1_TEX\src\main.cpp(742,41): warning C4305: 'argumento': truncamiento de 'double' a 'GLfloat'
C:\Users\USUARIO\Documents\2n carrera\graficos 3d\P3\tierra phong + noche + skybox\Graphics_1_TEX\src\main.cpp(1171,12): warning C4244: '=': conversión de 'double' a 'float'; posible pérdida de datos
C:\Users\USUARIO\Documents\2n carrera\graficos 3d\P3\tierra phong + noche + skybox\Graphics_1_TEX\src\main.cpp(1172,12): warning C4244: '=': conversión de 'double' a 'float'; posible pérdida de datos
C:\Users\USUARIO\Documents\2n carrera\graficos 3d\P3\tierra phong + noche + skybox\Graphics_1_TEX\src\main.cpp(1177,22): warning C4244: '=': conversión de 'double' a 'float'; posible pérdida de datos
C:\Users\USUARIO\Documents\2n carrera\graficos 3d\P3\tierra phong + noche + skybox\Graphics_1_TEX\src\main.cpp(1178,22): warning C4244: '=': conversión de 'double' a 'float'; posible pérdida de datos
C:\Users\USUARIO\Documents\2n carrera\graficos 3d\P3\tierra phong + noche + skybox\Graphics_1_TEX\src\main.cpp(1179,11): warning C4244: '=': conversión de 'double' a 'float'; posible pérdida de datos
C:\Users\USUARIO\Documents\2n carrera\graficos 3d\P3\tierra phong + noche + skybox\Graphics_1_TEX\src\main.cpp(1180,11): warning C4244: '=': conversión de 'double' a 'float'; posible pérdida de datos
  GLM: perspective function taking degrees as a parameter is deprecated. #define GLM_FORCE_RADIANS before including GLM headers to remove this message.
  Graphics_1.vcxproj -> C:\Users\USUARIO\Documents\2n carrera\graficos 3d\P3\tierra phong + noche + skybox\Graphics_1_TEX\Graphics_1.exe
